c:\student\d3d32\realtimegraphicsacw\sdl2_wrapper\debug\vc140.pdb
c:\student\d3d32\realtimegraphicsacw\sdl2_wrapper\debug\vc140.idb
c:\student\d3d32\realtimegraphicsacw\sdl2_wrapper\debug\simulation.obj
c:\student\d3d32\realtimegraphicsacw\sdl2_wrapper\debug\clear.obj
c:\student\d3d32\realtimegraphicsacw\sdl2_wrapper\debug\so_ai_entity.obj
c:\student\d3d32\realtimegraphicsacw\sdl2_wrapper\debug\so_animated_part.obj
c:\student\d3d32\realtimegraphicsacw\sdl2_wrapper\debug\so_base.obj
c:\student\d3d32\realtimegraphicsacw\sdl2_wrapper\debug\so_camera.obj
c:\student\d3d32\realtimegraphicsacw\sdl2_wrapper\debug\so_drebbel.obj
c:\student\d3d32\realtimegraphicsacw\sdl2_wrapper\debug\so_explorer.obj
c:\student\d3d32\realtimegraphicsacw\sdl2_wrapper\debug\so_light_source.obj
c:\student\d3d32\realtimegraphicsacw\sdl2_wrapper\debug\so_scenery.obj
c:\student\d3d32\realtimegraphicsacw\sdl2_wrapper\debug\so_sealife.obj
c:\student\d3d32\realtimegraphicsacw\sdl2_wrapper\debug\sys_shader.obj
c:\student\d3d32\realtimegraphicsacw\sdl2_wrapper\debug\uv_sphere_generator.obj
c:\student\d3d32\realtimegraphicsacw\sdl2_wrapper\debug\v_dfs.obj
c:\student\d3d32\realtimegraphicsacw\sdl2_wrapper\debug\v_injector.obj
c:\student\d3d32\realtimegraphicsacw\sdl2_wrapper\debug\v_linearise.obj
c:\student\d3d32\realtimegraphicsacw\sdl2_wrapper\debug\v_orphanise.obj
c:\student\d3d32\realtimegraphicsacw\sdl2_wrapper\debug\v_transform_wrt_world.obj
c:\student\d3d32\realtimegraphicsacw\sdl2_wrapper\debug\window_archtype.obj
c:\student\d3d32\realtimegraphicsacw\sdl2_wrapper\debug\window_manager.obj
c:\student\d3d32\realtimegraphicsacw\sdl2_wrapper\debug\geometry_pass.obj
c:\student\d3d32\realtimegraphicsacw\sdl2_wrapper\debug\image.obj
c:\student\d3d32\realtimegraphicsacw\sdl2_wrapper\debug\main.obj
c:\student\d3d32\realtimegraphicsacw\sdl2_wrapper\debug\material.obj
c:\student\d3d32\realtimegraphicsacw\sdl2_wrapper\debug\mesh.obj
c:\student\d3d32\realtimegraphicsacw\sdl2_wrapper\debug\model.obj
c:\student\d3d32\realtimegraphicsacw\sdl2_wrapper\debug\particle.obj
c:\student\d3d32\realtimegraphicsacw\sdl2_wrapper\debug\particle_pump.obj
c:\student\d3d32\realtimegraphicsacw\sdl2_wrapper\debug\perspective_view.obj
c:\student\d3d32\realtimegraphicsacw\sdl2_wrapper\debug\p_base.obj
c:\student\d3d32\realtimegraphicsacw\sdl2_wrapper\debug\registry.obj
c:\student\d3d32\realtimegraphicsacw\sdl2_wrapper\debug\master.obj
c:\student\d3d32\realtimegraphicsacw\sdl2_wrapper\debug\render_state.obj
c:\student\d3d32\realtimegraphicsacw\sdl2_wrapper\debug\scene.obj
c:\student\d3d32\realtimegraphicsacw\sdl2_wrapper\debug\set_shader.obj
c:\student\d3d32\realtimegraphicsacw\sdl2_wrapper\debug\sg_base.obj
c:\student\d3d32\realtimegraphicsacw\sdl2_wrapper\debug\sg_camera.obj
c:\student\d3d32\realtimegraphicsacw\sdl2_wrapper\debug\sg_geometry.obj
c:\student\d3d32\realtimegraphicsacw\sdl2_wrapper\debug\sg_group.obj
c:\student\d3d32\realtimegraphicsacw\sdl2_wrapper\debug\sg_xform.obj
c:\student\d3d32\realtimegraphicsacw\sdl2_wrapper\debug\animation.obj
c:\student\d3d32\realtimegraphicsacw\sdl2_wrapper\debug\archtype.obj
c:\student\d3d32\realtimegraphicsacw\sdl2_wrapper\debug\associative_language_parser.obj
c:\student\d3d32\realtimegraphicsacw\sdl2_wrapper\debug\a_world.obj
c:\student\d3d32\realtimegraphicsacw\sdl2_wrapper\debug\clock.obj
c:\student\d3d32\realtimegraphicsacw\sdl2_wrapper\debug\d3d_context_resources.obj
c:\student\d3d32\realtimegraphicsacw\sdl2_wrapper\debug\d3d_gpu_geometry.obj
c:\student\d3d32\realtimegraphicsacw\sdl2_wrapper\debug\d3d_pipeline_state.obj
c:\student\d3d32\realtimegraphicsacw\sdl2_wrapper\debug\d3d_shaders.obj
c:\student\d3d32\realtimegraphicsacw\sdl2_wrapper\debug\d3d_context.obj
c:\student\d3d32\realtimegraphicsacw\sdl2_wrapper\debug\d3d_texture.obj
c:\student\d3d32\realtimegraphicsacw\sdl2_wrapper\debug\d3d_window.obj
c:\student\d3d32\realtimegraphicsacw\sdl2_wrapper\debug\enforce_default.obj
c:\student\d3d32\realtimegraphicsacw\sdl2_wrapper\debug\environment.obj
c:\student\d3d32\realtimegraphicsacw\debug\fragment.cso
c:\student\d3d32\realtimegraphicsacw\debug\vertex.cso
c:\student\d3d32\realtimegraphicsacw\debug\sdl2_wrapper.ilk
c:\student\d3d32\realtimegraphicsacw\debug\sdl2_wrapper.exe
c:\student\d3d32\realtimegraphicsacw\debug\sdl2_wrapper.pdb
c:\student\d3d32\realtimegraphicsacw\sdl2_wrapper\debug\sdl2_wrapper.tlog\cl.command.1.tlog
c:\student\d3d32\realtimegraphicsacw\sdl2_wrapper\debug\sdl2_wrapper.tlog\cl.read.1.tlog
c:\student\d3d32\realtimegraphicsacw\sdl2_wrapper\debug\sdl2_wrapper.tlog\cl.write.1.tlog
c:\student\d3d32\realtimegraphicsacw\sdl2_wrapper\debug\sdl2_wrapper.tlog\fxc.command.1.tlog
c:\student\d3d32\realtimegraphicsacw\sdl2_wrapper\debug\sdl2_wrapper.tlog\fxc.read.1.tlog
c:\student\d3d32\realtimegraphicsacw\sdl2_wrapper\debug\sdl2_wrapper.tlog\fxc.write.1.tlog
c:\student\d3d32\realtimegraphicsacw\sdl2_wrapper\debug\sdl2_wrapper.tlog\link.command.1.tlog
c:\student\d3d32\realtimegraphicsacw\sdl2_wrapper\debug\sdl2_wrapper.tlog\link.read.1.tlog
c:\student\d3d32\realtimegraphicsacw\sdl2_wrapper\debug\sdl2_wrapper.tlog\link.write.1.tlog
c:\student\d3d32\realtimegraphicsacw\sdl2_wrapper\debug\sdl2_wrapper.tlog\sdl2_wrapper.write.1u.tlog
